5296-[2026-04-27 21:19:17,476]: DEBUG -> SISTEMA INICIALIZADO - Iniciando bateria de testes de algoritmos.
5296-[2026-04-27 21:19:17,476]: DEBUG -> === INICIANDO BATERIA: numeros_100k_aleatorio.txt ===
5296-[2026-04-27 21:19:26,447]: DEBUG ->   > [numeros_100k_aleatorio.txt] Execu魹ｽ魹ｽo 1/13 finalizada.
5296-[2026-04-27 21:19:35,182]: DEBUG ->   > [numeros_100k_aleatorio.txt] Execu魹ｽ魹ｽo 2/13 finalizada.
5296-[2026-04-27 21:19:43,779]: DEBUG ->   > [numeros_100k_aleatorio.txt] Execu魹ｽ魹ｽo 3/13 finalizada.
5296-[2026-04-27 21:19:52,375]: DEBUG ->   > [numeros_100k_aleatorio.txt] Execu魹ｽ魹ｽo 4/13 finalizada.
5296-[2026-04-27 21:20:00,981]: DEBUG ->   > [numeros_100k_aleatorio.txt] Execu魹ｽ魹ｽo 5/13 finalizada.
5296-[2026-04-27 21:20:09,574]: DEBUG ->   > [numeros_100k_aleatorio.txt] Execu魹ｽ魹ｽo 6/13 finalizada.
5296-[2026-04-27 21:20:18,167]: DEBUG ->   > [numeros_100k_aleatorio.txt] Execu魹ｽ魹ｽo 7/13 finalizada.
5296-[2026-04-27 21:20:26,763]: DEBUG ->   > [numeros_100k_aleatorio.txt] Execu魹ｽ魹ｽo 8/13 finalizada.
5296-[2026-04-27 21:20:35,357]: DEBUG ->   > [numeros_100k_aleatorio.txt] Execu魹ｽ魹ｽo 9/13 finalizada.
5296-[2026-04-27 21:20:43,955]: DEBUG ->   > [numeros_100k_aleatorio.txt] Execu魹ｽ魹ｽo 10/13 finalizada.
5296-[2026-04-27 21:20:52,548]: DEBUG ->   > [numeros_100k_aleatorio.txt] Execu魹ｽ魹ｽo 11/13 finalizada.
5296-[2026-04-27 21:21:01,143]: DEBUG ->   > [numeros_100k_aleatorio.txt] Execu魹ｽ魹ｽo 12/13 finalizada.
5296-[2026-04-27 21:21:09,837]: DEBUG ->   > [numeros_100k_aleatorio.txt] Execu魹ｽ魹ｽo 13/13 finalizada.
5296-[2026-04-27 21:21:09,837]: DEBUG -> --- RELAT魹ｽRIO DA BATERIA: numeros_100k_aleatorio.txt ---
5296-[2026-04-27 21:21:09,837]: DEBUG -> N魹ｽ de Execu魹ｽ魹ｽes: 13
5296-[2026-04-27 21:21:09,837]: DEBUG -> Tempo Total (Wall Time): 112.359990s
5296-[2026-04-27 21:21:09,837]: DEBUG -> Tempo M魹ｽdio (Wall Time): 8.643076s
5296-[2026-04-27 21:21:09,837]: DEBUG -> Tempo M魹ｽdio (Interno do C): 8.584135s
5296-[2026-04-27 21:21:09,837]: DEBUG -> Soma de Compara魹ｽ魹ｽes (Total): 64999350000
5296-[2026-04-27 21:21:09,837]: DEBUG -> M魹ｽdia de Compara魹ｽ魹ｽes/Rodada: 4999950000.00
5296-[2026-04-27 21:21:09,837]: DEBUG -> ============================================================
5296-[2026-04-27 21:21:09,837]: DEBUG -> === INICIANDO BATERIA: numeros_100k_ordenado.txt ===
5296-[2026-04-27 21:21:19,200]: DEBUG ->   > [numeros_100k_ordenado.txt] Execu魹ｽ魹ｽo 1/13 finalizada.
5296-[2026-04-27 21:21:27,903]: DEBUG ->   > [numeros_100k_ordenado.txt] Execu魹ｽ魹ｽo 2/13 finalizada.
5296-[2026-04-27 21:21:36,550]: DEBUG ->   > [numeros_100k_ordenado.txt] Execu魹ｽ魹ｽo 3/13 finalizada.
5296-[2026-04-27 21:21:45,145]: DEBUG ->   > [numeros_100k_ordenado.txt] Execu魹ｽ魹ｽo 4/13 finalizada.
5296-[2026-04-27 21:21:53,741]: DEBUG ->   > [numeros_100k_ordenado.txt] Execu魹ｽ魹ｽo 5/13 finalizada.
5296-[2026-04-27 21:22:02,337]: DEBUG ->   > [numeros_100k_ordenado.txt] Execu魹ｽ魹ｽo 6/13 finalizada.
5296-[2026-04-27 21:22:10,934]: DEBUG ->   > [numeros_100k_ordenado.txt] Execu魹ｽ魹ｽo 7/13 finalizada.
5296-[2026-04-27 21:22:19,530]: DEBUG ->   > [numeros_100k_ordenado.txt] Execu魹ｽ魹ｽo 8/13 finalizada.
5296-[2026-04-27 21:22:28,122]: DEBUG ->   > [numeros_100k_ordenado.txt] Execu魹ｽ魹ｽo 9/13 finalizada.
5296-[2026-04-27 21:22:36,712]: DEBUG ->   > [numeros_100k_ordenado.txt] Execu魹ｽ魹ｽo 10/13 finalizada.
5296-[2026-04-27 21:22:45,332]: DEBUG ->   > [numeros_100k_ordenado.txt] Execu魹ｽ魹ｽo 11/13 finalizada.
5296-[2026-04-27 21:22:53,923]: DEBUG ->   > [numeros_100k_ordenado.txt] Execu魹ｽ魹ｽo 12/13 finalizada.
5296-[2026-04-27 21:23:02,517]: DEBUG ->   > [numeros_100k_ordenado.txt] Execu魹ｽ魹ｽo 13/13 finalizada.
5296-[2026-04-27 21:23:02,517]: DEBUG -> --- RELAT魹ｽRIO DA BATERIA: numeros_100k_ordenado.txt ---
5296-[2026-04-27 21:23:02,517]: DEBUG -> N魹ｽ de Execu魹ｽ魹ｽes: 13
5296-[2026-04-27 21:23:02,517]: DEBUG -> Tempo Total (Wall Time): 112.680362s
5296-[2026-04-27 21:23:02,517]: DEBUG -> Tempo M魹ｽdio (Wall Time): 8.667720s
5296-[2026-04-27 21:23:02,517]: DEBUG -> Tempo M魹ｽdio (Interno do C): 8.588942s
5296-[2026-04-27 21:23:02,517]: DEBUG -> Soma de Compara魹ｽ魹ｽes (Total): 64999350000
5296-[2026-04-27 21:23:02,517]: DEBUG -> M魹ｽdia de Compara魹ｽ魹ｽes/Rodada: 4999950000.00
5296-[2026-04-27 21:23:02,517]: DEBUG -> ============================================================
5296-[2026-04-27 21:23:02,517]: DEBUG -> === INICIANDO BATERIA: numeros_100k_reverso.txt ===
5296-[2026-04-27 21:23:11,112]: DEBUG ->   > [numeros_100k_reverso.txt] Execu魹ｽ魹ｽo 1/13 finalizada.
5296-[2026-04-27 21:23:19,967]: DEBUG ->   > [numeros_100k_reverso.txt] Execu魹ｽ魹ｽo 2/13 finalizada.
5296-[2026-04-27 21:23:28,564]: DEBUG ->   > [numeros_100k_reverso.txt] Execu魹ｽ魹ｽo 3/13 finalizada.
5296-[2026-04-27 21:23:37,160]: DEBUG ->   > [numeros_100k_reverso.txt] Execu魹ｽ魹ｽo 4/13 finalizada.
5296-[2026-04-27 21:23:45,761]: DEBUG ->   > [numeros_100k_reverso.txt] Execu魹ｽ魹ｽo 5/13 finalizada.
5296-[2026-04-27 21:23:54,360]: DEBUG ->   > [numeros_100k_reverso.txt] Execu魹ｽ魹ｽo 6/13 finalizada.
5296-[2026-04-27 21:24:02,955]: DEBUG ->   > [numeros_100k_reverso.txt] Execu魹ｽ魹ｽo 7/13 finalizada.
5296-[2026-04-27 21:24:12,536]: DEBUG ->   > [numeros_100k_reverso.txt] Execu魹ｽ魹ｽo 8/13 finalizada.
5296-[2026-04-27 21:24:21,596]: DEBUG ->   > [numeros_100k_reverso.txt] Execu魹ｽ魹ｽo 9/13 finalizada.
5296-[2026-04-27 21:24:30,208]: DEBUG ->   > [numeros_100k_reverso.txt] Execu魹ｽ魹ｽo 10/13 finalizada.
5296-[2026-04-27 21:24:38,798]: DEBUG ->   > [numeros_100k_reverso.txt] Execu魹ｽ魹ｽo 11/13 finalizada.
5296-[2026-04-27 21:24:47,391]: DEBUG ->   > [numeros_100k_reverso.txt] Execu魹ｽ魹ｽo 12/13 finalizada.
5296-[2026-04-27 21:24:55,987]: DEBUG ->   > [numeros_100k_reverso.txt] Execu魹ｽ魹ｽo 13/13 finalizada.
5296-[2026-04-27 21:24:55,987]: DEBUG -> --- RELAT魹ｽRIO DA BATERIA: numeros_100k_reverso.txt ---
5296-[2026-04-27 21:24:55,987]: DEBUG -> N魹ｽ de Execu魹ｽ魹ｽes: 13
5296-[2026-04-27 21:24:55,987]: DEBUG -> Tempo Total (Wall Time): 113.468990s
5296-[2026-04-27 21:24:55,987]: DEBUG -> Tempo M魹ｽdio (Wall Time): 8.728384s
5296-[2026-04-27 21:24:55,987]: DEBUG -> Tempo M魹ｽdio (Interno do C): 8.610577s
5296-[2026-04-27 21:24:55,987]: DEBUG -> Soma de Compara魹ｽ魹ｽes (Total): 64999350000
5296-[2026-04-27 21:24:55,987]: DEBUG -> M魹ｽdia de Compara魹ｽ魹ｽes/Rodada: 4999950000.00
5296-[2026-04-27 21:24:55,987]: DEBUG -> ============================================================
5296-[2026-04-27 21:24:55,987]: DEBUG -> === INICIANDO BATERIA: numeros_200k_aleatorio.txt ===
5296-[2026-04-27 21:25:30,332]: DEBUG ->   > [numeros_200k_aleatorio.txt] Execu魹ｽ魹ｽo 1/13 finalizada.
5296-[2026-04-27 21:26:04,681]: DEBUG ->   > [numeros_200k_aleatorio.txt] Execu魹ｽ魹ｽo 2/13 finalizada.
5296-[2026-04-27 21:26:39,021]: DEBUG ->   > [numeros_200k_aleatorio.txt] Execu魹ｽ魹ｽo 3/13 finalizada.
5296-[2026-04-27 21:27:13,366]: DEBUG ->   > [numeros_200k_aleatorio.txt] Execu魹ｽ魹ｽo 4/13 finalizada.
5296-[2026-04-27 21:27:47,715]: DEBUG ->   > [numeros_200k_aleatorio.txt] Execu魹ｽ魹ｽo 5/13 finalizada.
5296-[2026-04-27 21:28:22,093]: DEBUG ->   > [numeros_200k_aleatorio.txt] Execu魹ｽ魹ｽo 6/13 finalizada.
5296-[2026-04-27 21:28:56,615]: DEBUG ->   > [numeros_200k_aleatorio.txt] Execu魹ｽ魹ｽo 7/13 finalizada.
5296-[2026-04-27 21:29:31,255]: DEBUG ->   > [numeros_200k_aleatorio.txt] Execu魹ｽ魹ｽo 8/13 finalizada.
5296-[2026-04-27 21:30:05,711]: DEBUG ->   > [numeros_200k_aleatorio.txt] Execu魹ｽ魹ｽo 9/13 finalizada.
5296-[2026-04-27 21:30:40,072]: DEBUG ->   > [numeros_200k_aleatorio.txt] Execu魹ｽ魹ｽo 10/13 finalizada.
5296-[2026-04-27 21:31:14,411]: DEBUG ->   > [numeros_200k_aleatorio.txt] Execu魹ｽ魹ｽo 11/13 finalizada.
5296-[2026-04-27 21:31:48,755]: DEBUG ->   > [numeros_200k_aleatorio.txt] Execu魹ｽ魹ｽo 12/13 finalizada.
5296-[2026-04-27 21:32:23,097]: DEBUG ->   > [numeros_200k_aleatorio.txt] Execu魹ｽ魹ｽo 13/13 finalizada.
5296-[2026-04-27 21:32:23,097]: DEBUG -> --- RELAT魹ｽRIO DA BATERIA: numeros_200k_aleatorio.txt ---
5296-[2026-04-27 21:32:23,097]: DEBUG -> N魹ｽ de Execu魹ｽ魹ｽes: 13
5296-[2026-04-27 21:32:23,097]: DEBUG -> Tempo Total (Wall Time): 447.109468s
5296-[2026-04-27 21:32:23,097]: DEBUG -> Tempo M魹ｽdio (Wall Time): 34.393036s
5296-[2026-04-27 21:32:23,097]: DEBUG -> Tempo M魹ｽdio (Interno do C): 34.332933s
5296-[2026-04-27 21:32:23,097]: DEBUG -> Soma de Compara魹ｽ魹ｽes (Total): 259998700000
5296-[2026-04-27 21:32:23,097]: DEBUG -> M魹ｽdia de Compara魹ｽ魹ｽes/Rodada: 19999900000.00
5296-[2026-04-27 21:32:23,097]: DEBUG -> ============================================================
5296-[2026-04-27 21:32:23,097]: DEBUG -> === INICIANDO BATERIA: numeros_200k_ordenado.txt ===
5296-[2026-04-27 21:32:57,438]: DEBUG ->   > [numeros_200k_ordenado.txt] Execu魹ｽ魹ｽo 1/13 finalizada.
5296-[2026-04-27 21:33:31,766]: DEBUG ->   > [numeros_200k_ordenado.txt] Execu魹ｽ魹ｽo 2/13 finalizada.
5296-[2026-04-27 21:34:06,100]: DEBUG ->   > [numeros_200k_ordenado.txt] Execu魹ｽ魹ｽo 3/13 finalizada.
5296-[2026-04-27 21:34:40,435]: DEBUG ->   > [numeros_200k_ordenado.txt] Execu魹ｽ魹ｽo 4/13 finalizada.
5296-[2026-04-27 21:35:14,776]: DEBUG ->   > [numeros_200k_ordenado.txt] Execu魹ｽ魹ｽo 5/13 finalizada.
5296-[2026-04-27 21:35:49,104]: DEBUG ->   > [numeros_200k_ordenado.txt] Execu魹ｽ魹ｽo 6/13 finalizada.
5296-[2026-04-27 21:36:23,450]: DEBUG ->   > [numeros_200k_ordenado.txt] Execu魹ｽ魹ｽo 7/13 finalizada.
5296-[2026-04-27 21:36:57,789]: DEBUG ->   > [numeros_200k_ordenado.txt] Execu魹ｽ魹ｽo 8/13 finalizada.
5296-[2026-04-27 21:37:32,133]: DEBUG ->   > [numeros_200k_ordenado.txt] Execu魹ｽ魹ｽo 9/13 finalizada.
5296-[2026-04-27 21:38:06,471]: DEBUG ->   > [numeros_200k_ordenado.txt] Execu魹ｽ魹ｽo 10/13 finalizada.
5296-[2026-04-27 21:38:40,813]: DEBUG ->   > [numeros_200k_ordenado.txt] Execu魹ｽ魹ｽo 11/13 finalizada.
5296-[2026-04-27 21:39:15,147]: DEBUG ->   > [numeros_200k_ordenado.txt] Execu魹ｽ魹ｽo 12/13 finalizada.
5296-[2026-04-27 21:39:49,495]: DEBUG ->   > [numeros_200k_ordenado.txt] Execu魹ｽ魹ｽo 13/13 finalizada.
5296-[2026-04-27 21:39:49,495]: DEBUG -> --- RELAT魹ｽRIO DA BATERIA: numeros_200k_ordenado.txt ---
5296-[2026-04-27 21:39:49,495]: DEBUG -> N魹ｽ de Execu魹ｽ魹ｽes: 13
5296-[2026-04-27 21:39:49,495]: DEBUG -> Tempo Total (Wall Time): 446.397921s
5296-[2026-04-27 21:39:49,495]: DEBUG -> Tempo M魹ｽdio (Wall Time): 34.338302s
5296-[2026-04-27 21:39:49,495]: DEBUG -> Tempo M魹ｽdio (Interno do C): 34.290865s
5296-[2026-04-27 21:39:49,495]: DEBUG -> Soma de Compara魹ｽ魹ｽes (Total): 259998700000
5296-[2026-04-27 21:39:49,495]: DEBUG -> M魹ｽdia de Compara魹ｽ魹ｽes/Rodada: 19999900000.00
5296-[2026-04-27 21:39:49,495]: DEBUG -> ============================================================
5296-[2026-04-27 21:39:49,495]: DEBUG -> === INICIANDO BATERIA: numeros_200k_reverso.txt ===
5296-[2026-04-27 21:40:23,852]: DEBUG ->   > [numeros_200k_reverso.txt] Execu魹ｽ魹ｽo 1/13 finalizada.
5296-[2026-04-27 21:40:58,226]: DEBUG ->   > [numeros_200k_reverso.txt] Execu魹ｽ魹ｽo 2/13 finalizada.
5296-[2026-04-27 21:41:32,587]: DEBUG ->   > [numeros_200k_reverso.txt] Execu魹ｽ魹ｽo 3/13 finalizada.
5296-[2026-04-27 21:42:06,945]: DEBUG ->   > [numeros_200k_reverso.txt] Execu魹ｽ魹ｽo 4/13 finalizada.
5296-[2026-04-27 21:42:41,306]: DEBUG ->   > [numeros_200k_reverso.txt] Execu魹ｽ魹ｽo 5/13 finalizada.
5296-[2026-04-27 21:43:15,666]: DEBUG ->   > [numeros_200k_reverso.txt] Execu魹ｽ魹ｽo 6/13 finalizada.
5296-[2026-04-27 21:43:50,031]: DEBUG ->   > [numeros_200k_reverso.txt] Execu魹ｽ魹ｽo 7/13 finalizada.
5296-[2026-04-27 21:44:24,382]: DEBUG ->   > [numeros_200k_reverso.txt] Execu魹ｽ魹ｽo 8/13 finalizada.
5296-[2026-04-27 21:44:58,757]: DEBUG ->   > [numeros_200k_reverso.txt] Execu魹ｽ魹ｽo 9/13 finalizada.
5296-[2026-04-27 21:45:33,117]: DEBUG ->   > [numeros_200k_reverso.txt] Execu魹ｽ魹ｽo 10/13 finalizada.
5296-[2026-04-27 21:46:07,473]: DEBUG ->   > [numeros_200k_reverso.txt] Execu魹ｽ魹ｽo 11/13 finalizada.
5296-[2026-04-27 21:46:41,818]: DEBUG ->   > [numeros_200k_reverso.txt] Execu魹ｽ魹ｽo 12/13 finalizada.
5296-[2026-04-27 21:47:16,215]: DEBUG ->   > [numeros_200k_reverso.txt] Execu魹ｽ魹ｽo 13/13 finalizada.
5296-[2026-04-27 21:47:16,215]: DEBUG -> --- RELAT魹ｽRIO DA BATERIA: numeros_200k_reverso.txt ---
5296-[2026-04-27 21:47:16,215]: DEBUG -> N魹ｽ de Execu魹ｽ魹ｽes: 13
5296-[2026-04-27 21:47:16,215]: DEBUG -> Tempo Total (Wall Time): 446.719812s
5296-[2026-04-27 21:47:16,215]: DEBUG -> Tempo M魹ｽdio (Wall Time): 34.363062s
5296-[2026-04-27 21:47:16,215]: DEBUG -> Tempo M魹ｽdio (Interno do C): 34.312500s
5296-[2026-04-27 21:47:16,215]: DEBUG -> Soma de Compara魹ｽ魹ｽes (Total): 259998700000
5296-[2026-04-27 21:47:16,215]: DEBUG -> M魹ｽdia de Compara魹ｽ魹ｽes/Rodada: 19999900000.00
5296-[2026-04-27 21:47:16,215]: DEBUG -> ============================================================
5296-[2026-04-27 21:47:16,215]: DEBUG -> === INICIANDO BATERIA: numeros_300k_aleatorio.txt ===
5296-[2026-04-27 21:48:33,497]: DEBUG ->   > [numeros_300k_aleatorio.txt] Execu魹ｽ魹ｽo 1/13 finalizada.
5296-[2026-04-27 21:49:50,784]: DEBUG ->   > [numeros_300k_aleatorio.txt] Execu魹ｽ魹ｽo 2/13 finalizada.
5296-[2026-04-27 21:51:08,046]: DEBUG ->   > [numeros_300k_aleatorio.txt] Execu魹ｽ魹ｽo 3/13 finalizada.
5296-[2026-04-27 21:52:25,324]: DEBUG ->   > [numeros_300k_aleatorio.txt] Execu魹ｽ魹ｽo 4/13 finalizada.
5296-[2026-04-27 21:53:42,621]: DEBUG ->   > [numeros_300k_aleatorio.txt] Execu魹ｽ魹ｽo 5/13 finalizada.
5296-[2026-04-27 21:54:59,901]: DEBUG ->   > [numeros_300k_aleatorio.txt] Execu魹ｽ魹ｽo 6/13 finalizada.
5296-[2026-04-27 21:56:17,172]: DEBUG ->   > [numeros_300k_aleatorio.txt] Execu魹ｽ魹ｽo 7/13 finalizada.
5296-[2026-04-27 21:57:34,447]: DEBUG ->   > [numeros_300k_aleatorio.txt] Execu魹ｽ魹ｽo 8/13 finalizada.
5296-[2026-04-27 21:58:53,723]: DEBUG ->   > [numeros_300k_aleatorio.txt] Execu魹ｽ魹ｽo 9/13 finalizada.
5296-[2026-04-27 22:00:11,023]: DEBUG ->   > [numeros_300k_aleatorio.txt] Execu魹ｽ魹ｽo 10/13 finalizada.
5296-[2026-04-27 22:01:28,299]: DEBUG ->   > [numeros_300k_aleatorio.txt] Execu魹ｽ魹ｽo 11/13 finalizada.
5296-[2026-04-27 22:02:46,219]: DEBUG ->   > [numeros_300k_aleatorio.txt] Execu魹ｽ魹ｽo 12/13 finalizada.
5296-[2026-04-27 22:04:03,629]: DEBUG ->   > [numeros_300k_aleatorio.txt] Execu魹ｽ魹ｽo 13/13 finalizada.
5296-[2026-04-27 22:04:03,629]: DEBUG -> --- RELAT魹ｽRIO DA BATERIA: numeros_300k_aleatorio.txt ---
5296-[2026-04-27 22:04:03,629]: DEBUG -> N魹ｽ de Execu魹ｽ魹ｽes: 13
5296-[2026-04-27 22:04:03,629]: DEBUG -> Tempo Total (Wall Time): 1007.413814s
5296-[2026-04-27 22:04:03,629]: DEBUG -> Tempo M魹ｽdio (Wall Time): 77.493370s
5296-[2026-04-27 22:04:03,629]: DEBUG -> Tempo M魹ｽdio (Interno do C): 77.212740s
5296-[2026-04-27 22:04:03,629]: DEBUG -> Soma de Compara魹ｽ魹ｽes (Total): 584998050000
5296-[2026-04-27 22:04:03,629]: DEBUG -> M魹ｽdia de Compara魹ｽ魹ｽes/Rodada: 44999850000.00
5296-[2026-04-27 22:04:03,629]: DEBUG -> ============================================================
5296-[2026-04-27 22:04:03,629]: DEBUG -> === INICIANDO BATERIA: numeros_300k_ordenado.txt ===
5296-[2026-04-27 22:05:20,910]: DEBUG ->   > [numeros_300k_ordenado.txt] Execu魹ｽ魹ｽo 1/13 finalizada.
5296-[2026-04-27 22:06:38,183]: DEBUG ->   > [numeros_300k_ordenado.txt] Execu魹ｽ魹ｽo 2/13 finalizada.
5296-[2026-04-27 22:07:56,667]: DEBUG ->   > [numeros_300k_ordenado.txt] Execu魹ｽ魹ｽo 3/13 finalizada.
5296-[2026-04-27 22:09:13,995]: DEBUG ->   > [numeros_300k_ordenado.txt] Execu魹ｽ魹ｽo 4/13 finalizada.
5296-[2026-04-27 22:10:31,264]: DEBUG ->   > [numeros_300k_ordenado.txt] Execu魹ｽ魹ｽo 5/13 finalizada.
5296-[2026-04-27 22:11:48,509]: DEBUG ->   > [numeros_300k_ordenado.txt] Execu魹ｽ魹ｽo 6/13 finalizada.
5296-[2026-04-27 22:13:05,785]: DEBUG ->   > [numeros_300k_ordenado.txt] Execu魹ｽ魹ｽo 7/13 finalizada.
5296-[2026-04-27 22:14:23,072]: DEBUG ->   > [numeros_300k_ordenado.txt] Execu魹ｽ魹ｽo 8/13 finalizada.
5296-[2026-04-27 22:15:40,353]: DEBUG ->   > [numeros_300k_ordenado.txt] Execu魹ｽ魹ｽo 9/13 finalizada.
5296-[2026-04-27 22:16:57,622]: DEBUG ->   > [numeros_300k_ordenado.txt] Execu魹ｽ魹ｽo 10/13 finalizada.
5296-[2026-04-27 22:18:14,932]: DEBUG ->   > [numeros_300k_ordenado.txt] Execu魹ｽ魹ｽo 11/13 finalizada.
5296-[2026-04-27 22:19:32,210]: DEBUG ->   > [numeros_300k_ordenado.txt] Execu魹ｽ魹ｽo 12/13 finalizada.
5296-[2026-04-27 22:20:49,449]: DEBUG ->   > [numeros_300k_ordenado.txt] Execu魹ｽ魹ｽo 13/13 finalizada.
5296-[2026-04-27 22:20:49,449]: DEBUG -> --- RELAT魹ｽRIO DA BATERIA: numeros_300k_ordenado.txt ---
5296-[2026-04-27 22:20:49,449]: DEBUG -> N魹ｽ de Execu魹ｽ魹ｽes: 13
5296-[2026-04-27 22:20:49,449]: DEBUG -> Tempo Total (Wall Time): 1005.819727s
5296-[2026-04-27 22:20:49,449]: DEBUG -> Tempo M魹ｽdio (Wall Time): 77.370748s
5296-[2026-04-27 22:20:49,449]: DEBUG -> Tempo M魹ｽdio (Interno do C): 77.211538s
5296-[2026-04-27 22:20:49,449]: DEBUG -> Soma de Compara魹ｽ魹ｽes (Total): 584998050000
5296-[2026-04-27 22:20:49,449]: DEBUG -> M魹ｽdia de Compara魹ｽ魹ｽes/Rodada: 44999850000.00
5296-[2026-04-27 22:20:49,449]: DEBUG -> ============================================================
5296-[2026-04-27 22:20:49,449]: DEBUG -> === INICIANDO BATERIA: numeros_300k_reverso.txt ===
5296-[2026-04-27 22:22:06,788]: DEBUG ->   > [numeros_300k_reverso.txt] Execu魹ｽ魹ｽo 1/13 finalizada.
5296-[2026-04-27 22:23:24,121]: DEBUG ->   > [numeros_300k_reverso.txt] Execu魹ｽ魹ｽo 2/13 finalizada.
5296-[2026-04-27 22:24:41,411]: DEBUG ->   > [numeros_300k_reverso.txt] Execu魹ｽ魹ｽo 3/13 finalizada.
5296-[2026-04-27 22:25:58,707]: DEBUG ->   > [numeros_300k_reverso.txt] Execu魹ｽ魹ｽo 4/13 finalizada.
5296-[2026-04-27 22:27:15,995]: DEBUG ->   > [numeros_300k_reverso.txt] Execu魹ｽ魹ｽo 5/13 finalizada.
5296-[2026-04-27 22:28:33,310]: DEBUG ->   > [numeros_300k_reverso.txt] Execu魹ｽ魹ｽo 6/13 finalizada.
5296-[2026-04-27 22:29:50,618]: DEBUG ->   > [numeros_300k_reverso.txt] Execu魹ｽ魹ｽo 7/13 finalizada.
5296-[2026-04-27 22:31:07,924]: DEBUG ->   > [numeros_300k_reverso.txt] Execu魹ｽ魹ｽo 8/13 finalizada.
5296-[2026-04-27 22:32:25,224]: DEBUG ->   > [numeros_300k_reverso.txt] Execu魹ｽ魹ｽo 9/13 finalizada.
5296-[2026-04-27 22:33:42,523]: DEBUG ->   > [numeros_300k_reverso.txt] Execu魹ｽ魹ｽo 10/13 finalizada.
5296-[2026-04-27 22:34:59,812]: DEBUG ->   > [numeros_300k_reverso.txt] Execu魹ｽ魹ｽo 11/13 finalizada.
5296-[2026-04-27 22:36:17,090]: DEBUG ->   > [numeros_300k_reverso.txt] Execu魹ｽ魹ｽo 12/13 finalizada.
5296-[2026-04-27 22:37:34,372]: DEBUG ->   > [numeros_300k_reverso.txt] Execu魹ｽ魹ｽo 13/13 finalizada.
5296-[2026-04-27 22:37:34,372]: DEBUG -> --- RELAT魹ｽRIO DA BATERIA: numeros_300k_reverso.txt ---
5296-[2026-04-27 22:37:34,372]: DEBUG -> N魹ｽ de Execu魹ｽ魹ｽes: 13
5296-[2026-04-27 22:37:34,372]: DEBUG -> Tempo Total (Wall Time): 1004.922609s
5296-[2026-04-27 22:37:34,372]: DEBUG -> Tempo M魹ｽdio (Wall Time): 77.301739s
5296-[2026-04-27 22:37:34,372]: DEBUG -> Tempo M魹ｽdio (Interno do C): 77.227163s
5296-[2026-04-27 22:37:34,372]: DEBUG -> Soma de Compara魹ｽ魹ｽes (Total): 584998050000
5296-[2026-04-27 22:37:34,372]: DEBUG -> M魹ｽdia de Compara魹ｽ魹ｽes/Rodada: 44999850000.00
5296-[2026-04-27 22:37:34,372]: DEBUG -> ============================================================
5296-[2026-04-27 22:37:34,372]: DEBUG -> === INICIANDO BATERIA: numeros_400k_aleatorio.txt ===
5296-[2026-04-27 22:39:51,788]: DEBUG ->   > [numeros_400k_aleatorio.txt] Execu魹ｽ魹ｽo 1/13 finalizada.
5296-[2026-04-27 22:42:09,178]: DEBUG ->   > [numeros_400k_aleatorio.txt] Execu魹ｽ魹ｽo 2/13 finalizada.
5296-[2026-04-27 22:44:26,569]: DEBUG ->   > [numeros_400k_aleatorio.txt] Execu魹ｽ魹ｽo 3/13 finalizada.
5296-[2026-04-27 22:46:44,043]: DEBUG ->   > [numeros_400k_aleatorio.txt] Execu魹ｽ魹ｽo 4/13 finalizada.
5296-[2026-04-27 22:49:01,431]: DEBUG ->   > [numeros_400k_aleatorio.txt] Execu魹ｽ魹ｽo 5/13 finalizada.
5296-[2026-04-27 22:51:18,821]: DEBUG ->   > [numeros_400k_aleatorio.txt] Execu魹ｽ魹ｽo 6/13 finalizada.
5296-[2026-04-27 22:53:36,260]: DEBUG ->   > [numeros_400k_aleatorio.txt] Execu魹ｽ魹ｽo 7/13 finalizada.
5296-[2026-04-27 22:55:53,665]: DEBUG ->   > [numeros_400k_aleatorio.txt] Execu魹ｽ魹ｽo 8/13 finalizada.
5296-[2026-04-27 22:58:11,076]: DEBUG ->   > [numeros_400k_aleatorio.txt] Execu魹ｽ魹ｽo 9/13 finalizada.
5296-[2026-04-27 23:00:28,592]: DEBUG ->   > [numeros_400k_aleatorio.txt] Execu魹ｽ魹ｽo 10/13 finalizada.
5296-[2026-04-27 23:02:46,010]: DEBUG ->   > [numeros_400k_aleatorio.txt] Execu魹ｽ魹ｽo 11/13 finalizada.
5296-[2026-04-27 23:05:03,436]: DEBUG ->   > [numeros_400k_aleatorio.txt] Execu魹ｽ魹ｽo 12/13 finalizada.
5296-[2026-04-27 23:07:22,929]: DEBUG ->   > [numeros_400k_aleatorio.txt] Execu魹ｽ魹ｽo 13/13 finalizada.
5296-[2026-04-27 23:07:22,929]: DEBUG -> --- RELAT魹ｽRIO DA BATERIA: numeros_400k_aleatorio.txt ---
5296-[2026-04-27 23:07:22,929]: DEBUG -> N魹ｽ de Execu魹ｽ魹ｽes: 13
5296-[2026-04-27 23:07:22,929]: DEBUG -> Tempo Total (Wall Time): 1788.556891s
5296-[2026-04-27 23:07:22,929]: DEBUG -> Tempo M魹ｽdio (Wall Time): 137.581299s
5296-[2026-04-27 23:07:22,929]: DEBUG -> Tempo M魹ｽdio (Interno do C): 137.290865s
5296-[2026-04-27 23:07:22,929]: DEBUG -> Soma de Compara魹ｽ魹ｽes (Total): 1039997400000
5296-[2026-04-27 23:07:22,929]: DEBUG -> M魹ｽdia de Compara魹ｽ魹ｽes/Rodada: 79999800000.00
5296-[2026-04-27 23:07:22,929]: DEBUG -> ============================================================
5296-[2026-04-27 23:07:22,930]: DEBUG -> === INICIANDO BATERIA: numeros_400k_ordenado.txt ===
5296-[2026-04-27 23:09:40,338]: DEBUG ->   > [numeros_400k_ordenado.txt] Execu魹ｽ魹ｽo 1/13 finalizada.
5296-[2026-04-27 23:11:57,735]: DEBUG ->   > [numeros_400k_ordenado.txt] Execu魹ｽ魹ｽo 2/13 finalizada.
5296-[2026-04-27 23:14:15,149]: DEBUG ->   > [numeros_400k_ordenado.txt] Execu魹ｽ魹ｽo 3/13 finalizada.
5296-[2026-04-27 23:16:32,540]: DEBUG ->   > [numeros_400k_ordenado.txt] Execu魹ｽ魹ｽo 4/13 finalizada.
5296-[2026-04-27 23:18:49,908]: DEBUG ->   > [numeros_400k_ordenado.txt] Execu魹ｽ魹ｽo 5/13 finalizada.
5296-[2026-04-27 23:21:07,276]: DEBUG ->   > [numeros_400k_ordenado.txt] Execu魹ｽ魹ｽo 6/13 finalizada.
5296-[2026-04-27 23:23:24,656]: DEBUG ->   > [numeros_400k_ordenado.txt] Execu魹ｽ魹ｽo 7/13 finalizada.
5296-[2026-04-27 23:25:42,053]: DEBUG ->   > [numeros_400k_ordenado.txt] Execu魹ｽ魹ｽo 8/13 finalizada.
5296-[2026-04-27 23:27:59,497]: DEBUG ->   > [numeros_400k_ordenado.txt] Execu魹ｽ魹ｽo 9/13 finalizada.
5296-[2026-04-27 23:30:16,986]: DEBUG ->   > [numeros_400k_ordenado.txt] Execu魹ｽ魹ｽo 10/13 finalizada.
5296-[2026-04-27 23:32:35,954]: DEBUG ->   > [numeros_400k_ordenado.txt] Execu魹ｽ魹ｽo 11/13 finalizada.
5296-[2026-04-27 23:34:53,340]: DEBUG ->   > [numeros_400k_ordenado.txt] Execu魹ｽ魹ｽo 12/13 finalizada.
5296-[2026-04-27 23:37:10,763]: DEBUG ->   > [numeros_400k_ordenado.txt] Execu魹ｽ魹ｽo 13/13 finalizada.
5296-[2026-04-27 23:37:10,763]: DEBUG -> --- RELAT魹ｽRIO DA BATERIA: numeros_400k_ordenado.txt ---
5296-[2026-04-27 23:37:10,763]: DEBUG -> N魹ｽ de Execu魹ｽ魹ｽes: 13
5296-[2026-04-27 23:37:10,763]: DEBUG -> Tempo Total (Wall Time): 1787.833492s
5296-[2026-04-27 23:37:10,763]: DEBUG -> Tempo M魹ｽdio (Wall Time): 137.525653s
5296-[2026-04-27 23:37:10,763]: DEBUG -> Tempo M魹ｽdio (Interno do C): 137.295673s
5296-[2026-04-27 23:37:10,763]: DEBUG -> Soma de Compara魹ｽ魹ｽes (Total): 1039997400000
5296-[2026-04-27 23:37:10,763]: DEBUG -> M魹ｽdia de Compara魹ｽ魹ｽes/Rodada: 79999800000.00
5296-[2026-04-27 23:37:10,763]: DEBUG -> ============================================================
5296-[2026-04-27 23:37:10,763]: DEBUG -> === INICIANDO BATERIA: numeros_400k_reverso.txt ===
5296-[2026-04-27 23:39:28,250]: DEBUG ->   > [numeros_400k_reverso.txt] Execu魹ｽ魹ｽo 1/13 finalizada.
5296-[2026-04-27 23:41:45,685]: DEBUG ->   > [numeros_400k_reverso.txt] Execu魹ｽ魹ｽo 2/13 finalizada.
5296-[2026-04-27 23:44:03,146]: DEBUG ->   > [numeros_400k_reverso.txt] Execu魹ｽ魹ｽo 3/13 finalizada.
5296-[2026-04-27 23:46:20,574]: DEBUG ->   > [numeros_400k_reverso.txt] Execu魹ｽ魹ｽo 4/13 finalizada.
5296-[2026-04-27 23:48:38,007]: DEBUG ->   > [numeros_400k_reverso.txt] Execu魹ｽ魹ｽo 5/13 finalizada.
5296-[2026-04-27 23:50:57,641]: DEBUG ->   > [numeros_400k_reverso.txt] Execu魹ｽ魹ｽo 6/13 finalizada.
5296-[2026-04-27 23:53:15,074]: DEBUG ->   > [numeros_400k_reverso.txt] Execu魹ｽ魹ｽo 7/13 finalizada.
5296-[2026-04-27 23:55:32,548]: DEBUG ->   > [numeros_400k_reverso.txt] Execu魹ｽ魹ｽo 8/13 finalizada.
5296-[2026-04-27 23:57:50,034]: DEBUG ->   > [numeros_400k_reverso.txt] Execu魹ｽ魹ｽo 9/13 finalizada.
5296-[2026-04-28 00:00:07,543]: DEBUG ->   > [numeros_400k_reverso.txt] Execu魹ｽ魹ｽo 10/13 finalizada.
5296-[2026-04-28 00:02:25,002]: DEBUG ->   > [numeros_400k_reverso.txt] Execu魹ｽ魹ｽo 11/13 finalizada.
5296-[2026-04-28 00:04:42,479]: DEBUG ->   > [numeros_400k_reverso.txt] Execu魹ｽ魹ｽo 12/13 finalizada.
5296-[2026-04-28 00:06:59,898]: DEBUG ->   > [numeros_400k_reverso.txt] Execu魹ｽ魹ｽo 13/13 finalizada.
5296-[2026-04-28 00:06:59,898]: DEBUG -> --- RELAT魹ｽRIO DA BATERIA: numeros_400k_reverso.txt ---
5296-[2026-04-28 00:06:59,898]: DEBUG -> N魹ｽ de Execu魹ｽ魹ｽes: 13
5296-[2026-04-28 00:06:59,898]: DEBUG -> Tempo Total (Wall Time): 1789.134902s
5296-[2026-04-28 00:06:59,898]: DEBUG -> Tempo M魹ｽdio (Wall Time): 137.625762s
5296-[2026-04-28 00:06:59,898]: DEBUG -> Tempo M魹ｽdio (Interno do C): 137.335337s
5296-[2026-04-28 00:06:59,898]: DEBUG -> Soma de Compara魹ｽ魹ｽes (Total): 1039997400000
5296-[2026-04-28 00:06:59,898]: DEBUG -> M魹ｽdia de Compara魹ｽ魹ｽes/Rodada: 79999800000.00
5296-[2026-04-28 00:06:59,898]: DEBUG -> ============================================================
5296-[2026-04-28 00:06:59,898]: DEBUG -> === INICIANDO BATERIA: numeros_50k_aleatorio.txt ===
5296-[2026-04-28 00:07:02,064]: DEBUG ->   > [numeros_50k_aleatorio.txt] Execu魹ｽ魹ｽo 1/13 finalizada.
5296-[2026-04-28 00:07:04,221]: DEBUG ->   > [numeros_50k_aleatorio.txt] Execu魹ｽ魹ｽo 2/13 finalizada.
5296-[2026-04-28 00:07:06,377]: DEBUG ->   > [numeros_50k_aleatorio.txt] Execu魹ｽ魹ｽo 3/13 finalizada.
5296-[2026-04-28 00:07:08,531]: DEBUG ->   > [numeros_50k_aleatorio.txt] Execu魹ｽ魹ｽo 4/13 finalizada.
5296-[2026-04-28 00:07:10,685]: DEBUG ->   > [numeros_50k_aleatorio.txt] Execu魹ｽ魹ｽo 5/13 finalizada.
5296-[2026-04-28 00:07:12,839]: DEBUG ->   > [numeros_50k_aleatorio.txt] Execu魹ｽ魹ｽo 6/13 finalizada.
5296-[2026-04-28 00:07:14,993]: DEBUG ->   > [numeros_50k_aleatorio.txt] Execu魹ｽ魹ｽo 7/13 finalizada.
5296-[2026-04-28 00:07:17,150]: DEBUG ->   > [numeros_50k_aleatorio.txt] Execu魹ｽ魹ｽo 8/13 finalizada.
5296-[2026-04-28 00:07:19,303]: DEBUG ->   > [numeros_50k_aleatorio.txt] Execu魹ｽ魹ｽo 9/13 finalizada.
5296-[2026-04-28 00:07:21,458]: DEBUG ->   > [numeros_50k_aleatorio.txt] Execu魹ｽ魹ｽo 10/13 finalizada.
5296-[2026-04-28 00:07:23,610]: DEBUG ->   > [numeros_50k_aleatorio.txt] Execu魹ｽ魹ｽo 11/13 finalizada.
5296-[2026-04-28 00:07:25,766]: DEBUG ->   > [numeros_50k_aleatorio.txt] Execu魹ｽ魹ｽo 12/13 finalizada.
5296-[2026-04-28 00:07:27,920]: DEBUG ->   > [numeros_50k_aleatorio.txt] Execu魹ｽ魹ｽo 13/13 finalizada.
5296-[2026-04-28 00:07:27,920]: DEBUG -> --- RELAT魹ｽRIO DA BATERIA: numeros_50k_aleatorio.txt ---
5296-[2026-04-28 00:07:27,920]: DEBUG -> N魹ｽ de Execu魹ｽ魹ｽes: 13
5296-[2026-04-28 00:07:27,920]: DEBUG -> Tempo Total (Wall Time): 28.022441s
5296-[2026-04-28 00:07:27,921]: DEBUG -> Tempo M魹ｽdio (Wall Time): 2.155572s
5296-[2026-04-28 00:07:27,921]: DEBUG -> Tempo M魹ｽdio (Interno do C): 2.140625s
5296-[2026-04-28 00:07:27,921]: DEBUG -> Soma de Compara魹ｽ魹ｽes (Total): 16249675000
5296-[2026-04-28 00:07:27,921]: DEBUG -> M魹ｽdia de Compara魹ｽ魹ｽes/Rodada: 1249975000.00
5296-[2026-04-28 00:07:27,921]: DEBUG -> ============================================================
5296-[2026-04-28 00:07:27,921]: DEBUG -> === INICIANDO BATERIA: numeros_50k_ordenado.txt ===
5296-[2026-04-28 00:07:30,081]: DEBUG ->   > [numeros_50k_ordenado.txt] Execu魹ｽ魹ｽo 1/13 finalizada.
5296-[2026-04-28 00:07:32,237]: DEBUG ->   > [numeros_50k_ordenado.txt] Execu魹ｽ魹ｽo 2/13 finalizada.
5296-[2026-04-28 00:07:34,388]: DEBUG ->   > [numeros_50k_ordenado.txt] Execu魹ｽ魹ｽo 3/13 finalizada.
5296-[2026-04-28 00:07:36,541]: DEBUG ->   > [numeros_50k_ordenado.txt] Execu魹ｽ魹ｽo 4/13 finalizada.
5296-[2026-04-28 00:07:38,694]: DEBUG ->   > [numeros_50k_ordenado.txt] Execu魹ｽ魹ｽo 5/13 finalizada.
5296-[2026-04-28 00:07:40,847]: DEBUG ->   > [numeros_50k_ordenado.txt] Execu魹ｽ魹ｽo 6/13 finalizada.
5296-[2026-04-28 00:07:43,002]: DEBUG ->   > [numeros_50k_ordenado.txt] Execu魹ｽ魹ｽo 7/13 finalizada.
5296-[2026-04-28 00:07:45,154]: DEBUG ->   > [numeros_50k_ordenado.txt] Execu魹ｽ魹ｽo 8/13 finalizada.
5296-[2026-04-28 00:07:47,308]: DEBUG ->   > [numeros_50k_ordenado.txt] Execu魹ｽ魹ｽo 9/13 finalizada.
5296-[2026-04-28 00:07:49,460]: DEBUG ->   > [numeros_50k_ordenado.txt] Execu魹ｽ魹ｽo 10/13 finalizada.
5296-[2026-04-28 00:07:51,615]: DEBUG ->   > [numeros_50k_ordenado.txt] Execu魹ｽ魹ｽo 11/13 finalizada.
5296-[2026-04-28 00:07:53,770]: DEBUG ->   > [numeros_50k_ordenado.txt] Execu魹ｽ魹ｽo 12/13 finalizada.
5296-[2026-04-28 00:07:55,925]: DEBUG ->   > [numeros_50k_ordenado.txt] Execu魹ｽ魹ｽo 13/13 finalizada.
5296-[2026-04-28 00:07:55,925]: DEBUG -> --- RELAT魹ｽRIO DA BATERIA: numeros_50k_ordenado.txt ---
5296-[2026-04-28 00:07:55,925]: DEBUG -> N魹ｽ de Execu魹ｽ魹ｽes: 13
5296-[2026-04-28 00:07:55,925]: DEBUG -> Tempo Total (Wall Time): 28.003437s
5296-[2026-04-28 00:07:55,925]: DEBUG -> Tempo M魹ｽdio (Wall Time): 2.154111s
5296-[2026-04-28 00:07:55,925]: DEBUG -> Tempo M魹ｽdio (Interno do C): 2.141827s
5296-[2026-04-28 00:07:55,925]: DEBUG -> Soma de Compara魹ｽ魹ｽes (Total): 16249675000
5296-[2026-04-28 00:07:55,925]: DEBUG -> M魹ｽdia de Compara魹ｽ魹ｽes/Rodada: 1249975000.00
5296-[2026-04-28 00:07:55,925]: DEBUG -> ============================================================
5296-[2026-04-28 00:07:55,925]: DEBUG -> === INICIANDO BATERIA: numeros_50k_reverso.txt ===
5296-[2026-04-28 00:07:58,094]: DEBUG ->   > [numeros_50k_reverso.txt] Execu魹ｽ魹ｽo 1/13 finalizada.
5296-[2026-04-28 00:08:00,251]: DEBUG ->   > [numeros_50k_reverso.txt] Execu魹ｽ魹ｽo 2/13 finalizada.
5296-[2026-04-28 00:08:02,409]: DEBUG ->   > [numeros_50k_reverso.txt] Execu魹ｽ魹ｽo 3/13 finalizada.
5296-[2026-04-28 00:08:04,564]: DEBUG ->   > [numeros_50k_reverso.txt] Execu魹ｽ魹ｽo 4/13 finalizada.
5296-[2026-04-28 00:08:06,719]: DEBUG ->   > [numeros_50k_reverso.txt] Execu魹ｽ魹ｽo 5/13 finalizada.
5296-[2026-04-28 00:08:08,883]: DEBUG ->   > [numeros_50k_reverso.txt] Execu魹ｽ魹ｽo 6/13 finalizada.
5296-[2026-04-28 00:08:11,036]: DEBUG ->   > [numeros_50k_reverso.txt] Execu魹ｽ魹ｽo 7/13 finalizada.
5296-[2026-04-28 00:08:13,189]: DEBUG ->   > [numeros_50k_reverso.txt] Execu魹ｽ魹ｽo 8/13 finalizada.
5296-[2026-04-28 00:08:15,346]: DEBUG ->   > [numeros_50k_reverso.txt] Execu魹ｽ魹ｽo 9/13 finalizada.
5296-[2026-04-28 00:08:17,500]: DEBUG ->   > [numeros_50k_reverso.txt] Execu魹ｽ魹ｽo 10/13 finalizada.
5296-[2026-04-28 00:08:19,654]: DEBUG ->   > [numeros_50k_reverso.txt] Execu魹ｽ魹ｽo 11/13 finalizada.
5296-[2026-04-28 00:08:21,808]: DEBUG ->   > [numeros_50k_reverso.txt] Execu魹ｽ魹ｽo 12/13 finalizada.
5296-[2026-04-28 00:08:23,962]: DEBUG ->   > [numeros_50k_reverso.txt] Execu魹ｽ魹ｽo 13/13 finalizada.
5296-[2026-04-28 00:08:23,962]: DEBUG -> --- RELAT魹ｽRIO DA BATERIA: numeros_50k_reverso.txt ---
5296-[2026-04-28 00:08:23,962]: DEBUG -> N魹ｽ de Execu魹ｽ魹ｽes: 13
5296-[2026-04-28 00:08:23,962]: DEBUG -> Tempo Total (Wall Time): 28.037526s
5296-[2026-04-28 00:08:23,962]: DEBUG -> Tempo M魹ｽdio (Wall Time): 2.156733s
5296-[2026-04-28 00:08:23,962]: DEBUG -> Tempo M魹ｽdio (Interno do C): 2.143029s
5296-[2026-04-28 00:08:23,962]: DEBUG -> Soma de Compara魹ｽ魹ｽes (Total): 16249675000
5296-[2026-04-28 00:08:23,962]: DEBUG -> M魹ｽdia de Compara魹ｽ魹ｽes/Rodada: 1249975000.00
5296-[2026-04-28 00:08:23,962]: DEBUG -> ============================================================
5296-[2026-04-28 00:08:23,962]: DEBUG -> SISTEMA FINALIZADO - Todos os testes foram conclu魹ｽdos.
